\BOOKMARK [0][-]{chapter.1}{\376\377\0001\000\040\000N\000a\000m\000e\000s\000p\000a\000c\000e\000\040\000I\000n\000d\000e\000x}{}% 1
\BOOKMARK [1][-]{section.1.1}{\376\377\0001\000.\0001\000\040\000N\000a\000m\000e\000s\000p\000a\000c\000e\000\040\000L\000i\000s\000t}{chapter.1}% 2
\BOOKMARK [0][-]{chapter.2}{\376\377\0002\000\040\000H\000i\000e\000r\000a\000r\000c\000h\000i\000c\000a\000l\000\040\000I\000n\000d\000e\000x}{}% 3
\BOOKMARK [1][-]{section.2.1}{\376\377\0002\000.\0001\000\040\000C\000l\000a\000s\000s\000\040\000H\000i\000e\000r\000a\000r\000c\000h\000y}{chapter.2}% 4
\BOOKMARK [0][-]{chapter.3}{\376\377\0003\000\040\000C\000l\000a\000s\000s\000\040\000I\000n\000d\000e\000x}{}% 5
\BOOKMARK [1][-]{section.3.1}{\376\377\0003\000.\0001\000\040\000C\000l\000a\000s\000s\000\040\000L\000i\000s\000t}{chapter.3}% 6
\BOOKMARK [0][-]{chapter.4}{\376\377\0004\000\040\000N\000a\000m\000e\000s\000p\000a\000c\000e\000\040\000D\000o\000c\000u\000m\000e\000n\000t\000a\000t\000i\000o\000n}{}% 7
\BOOKMARK [1][-]{section.4.1}{\376\377\0004\000.\0001\000\040\000P\000a\000c\000k\000a\000g\000e\000\040\000c\000o\000m\000.\000b\000a\000t\000t\000e\000r\000y\000w\000o\000r\000k\000s\000h\000o\000p\000.\000r\000e\000p\000o\000s\000i\000t\000o\000r\000i\000e\000s}{chapter.4}% 8
\BOOKMARK [2][-]{subsection.4.1.1}{\376\377\0004\000.\0001\000.\0001\000\040\000D\000e\000t\000a\000i\000l\000e\000d\000\040\000D\000e\000s\000c\000r\000i\000p\000t\000i\000o\000n}{section.4.1}% 9
\BOOKMARK [0][-]{chapter.5}{\376\377\0005\000\040\000C\000l\000a\000s\000s\000\040\000D\000o\000c\000u\000m\000e\000n\000t\000a\000t\000i\000o\000n}{}% 10
\BOOKMARK [1][-]{section.5.1}{\376\377\0005\000.\0001\000\040\000c\000o\000m\000.\000b\000a\000t\000t\000e\000r\000y\000w\000o\000r\000k\000s\000h\000o\000p\000.\000m\000o\000d\000e\000l\000s\000.\000B\000a\000t\000t\000e\000r\000y\000\040\000C\000l\000a\000s\000s\000\040\000R\000e\000f\000e\000r\000e\000n\000c\000e}{chapter.5}% 11
\BOOKMARK [2][-]{subsection.5.1.1}{\376\377\0005\000.\0001\000.\0001\000\040\000D\000e\000t\000a\000i\000l\000e\000d\000\040\000D\000e\000s\000c\000r\000i\000p\000t\000i\000o\000n}{section.5.1}% 12
\BOOKMARK [2][-]{subsection.5.1.2}{\376\377\0005\000.\0001\000.\0002\000\040\000C\000o\000n\000s\000t\000r\000u\000c\000t\000o\000r\000\040\000\046\000\040\000D\000e\000s\000t\000r\000u\000c\000t\000o\000r\000\040\000D\000o\000c\000u\000m\000e\000n\000t\000a\000t\000i\000o\000n}{section.5.1}% 13
\BOOKMARK [3][-]{subsubsection.5.1.2.1}{\376\377\0005\000.\0001\000.\0002\000.\0001\000\040\000B\000a\000t\000t\000e\000r\000y\000\050\000\051\000\040\000[\0001\000/\0002\000]}{subsection.5.1.2}% 14
\BOOKMARK [3][-]{subsubsection.5.1.2.2}{\376\377\0005\000.\0001\000.\0002\000.\0002\000\040\000B\000a\000t\000t\000e\000r\000y\000\050\000\051\000\040\000[\0002\000/\0002\000]}{subsection.5.1.2}% 15
\BOOKMARK [2][-]{subsection.5.1.3}{\376\377\0005\000.\0001\000.\0003\000\040\000M\000e\000m\000b\000e\000r\000\040\000F\000u\000n\000c\000t\000i\000o\000n\000\040\000D\000o\000c\000u\000m\000e\000n\000t\000a\000t\000i\000o\000n}{section.5.1}% 16
\BOOKMARK [3][-]{subsubsection.5.1.3.1}{\376\377\0005\000.\0001\000.\0003\000.\0001\000\040\000a\000d\000d\000R\000e\000p\000a\000i\000r\000R\000e\000p\000o\000r\000t\000\050\000\051}{subsection.5.1.3}% 17
\BOOKMARK [3][-]{subsubsection.5.1.3.2}{\376\377\0005\000.\0001\000.\0003\000.\0002\000\040\000g\000e\000t\000A\000m\000p\000e\000r\000e\000\050\000\051}{subsection.5.1.3}% 18
\BOOKMARK [3][-]{subsubsection.5.1.3.3}{\376\377\0005\000.\0001\000.\0003\000.\0003\000\040\000g\000e\000t\000B\000a\000s\000e\000C\000o\000s\000t\000\050\000\051}{subsection.5.1.3}% 19
\BOOKMARK [3][-]{subsubsection.5.1.3.4}{\376\377\0005\000.\0001\000.\0003\000.\0004\000\040\000g\000e\000t\000D\000e\000s\000c\000r\000i\000p\000t\000i\000o\000n\000\050\000\051}{subsection.5.1.3}% 20
\BOOKMARK [3][-]{subsubsection.5.1.3.5}{\376\377\0005\000.\0001\000.\0003\000.\0005\000\040\000g\000e\000t\000I\000d\000\050\000\051}{subsection.5.1.3}% 21
\BOOKMARK [3][-]{subsubsection.5.1.3.6}{\376\377\0005\000.\0001\000.\0003\000.\0006\000\040\000g\000e\000t\000M\000o\000d\000e\000l\000\050\000\051}{subsection.5.1.3}% 22
\BOOKMARK [3][-]{subsubsection.5.1.3.7}{\376\377\0005\000.\0001\000.\0003\000.\0007\000\040\000g\000e\000t\000R\000e\000p\000a\000i\000r\000R\000e\000p\000o\000r\000t\000s\000\050\000\051}{subsection.5.1.3}% 23
\BOOKMARK [3][-]{subsubsection.5.1.3.8}{\376\377\0005\000.\0001\000.\0003\000.\0008\000\040\000g\000e\000t\000V\000o\000l\000t\000a\000g\000e\000\050\000\051}{subsection.5.1.3}% 24
\BOOKMARK [3][-]{subsubsection.5.1.3.9}{\376\377\0005\000.\0001\000.\0003\000.\0009\000\040\000i\000s\000C\000h\000a\000r\000g\000e\000\050\000\051}{subsection.5.1.3}% 25
\BOOKMARK [3][-]{subsubsection.5.1.3.10}{\376\377\0005\000.\0001\000.\0003\000.\0001\0000\000\040\000i\000s\000D\000i\000s\000c\000h\000a\000r\000g\000e\000\050\000\051}{subsection.5.1.3}% 26
\BOOKMARK [3][-]{subsubsection.5.1.3.11}{\376\377\0005\000.\0001\000.\0003\000.\0001\0001\000\040\000s\000e\000t\000A\000m\000p\000e\000r\000a\000j\000e\000\050\000\051}{subsection.5.1.3}% 27
\BOOKMARK [3][-]{subsubsection.5.1.3.12}{\376\377\0005\000.\0001\000.\0003\000.\0001\0002\000\040\000s\000e\000t\000C\000a\000r\000g\000a\000\050\000\051}{subsection.5.1.3}% 28
\BOOKMARK [3][-]{subsubsection.5.1.3.13}{\376\377\0005\000.\0001\000.\0003\000.\0001\0003\000\040\000s\000e\000t\000D\000e\000s\000c\000a\000r\000g\000a\000\050\000\051}{subsection.5.1.3}% 29
\BOOKMARK [3][-]{subsubsection.5.1.3.14}{\376\377\0005\000.\0001\000.\0003\000.\0001\0004\000\040\000s\000e\000t\000V\000o\000l\000t\000a\000j\000e\000\050\000\051}{subsection.5.1.3}% 30
\BOOKMARK [1][-]{section.5.2}{\376\377\0005\000.\0002\000\040\000c\000o\000m\000.\000b\000a\000t\000t\000e\000r\000y\000w\000o\000r\000k\000s\000h\000o\000p\000.\000r\000e\000p\000o\000s\000i\000t\000o\000r\000i\000e\000s\000.\000B\000a\000t\000t\000e\000r\000y\000R\000e\000p\000o\000s\000i\000t\000o\000r\000y\000\040\000I\000n\000t\000e\000r\000f\000a\000c\000e\000\040\000R\000e\000f\000e\000r\000e\000n\000c\000e}{chapter.5}% 31
\BOOKMARK [1][-]{section.5.3}{\376\377\0005\000.\0003\000\040\000c\000o\000m\000.\000b\000a\000t\000t\000e\000r\000y\000w\000o\000r\000k\000s\000h\000o\000p\000.\000t\000e\000s\000t\000s\000.\000B\000a\000t\000t\000e\000r\000y\000U\000n\000i\000t\000T\000e\000s\000t\000\040\000C\000l\000a\000s\000s\000\040\000R\000e\000f\000e\000r\000e\000n\000c\000e}{chapter.5}% 32
\BOOKMARK [2][-]{subsection.5.3.1}{\376\377\0005\000.\0003\000.\0001\000\040\000D\000e\000t\000a\000i\000l\000e\000d\000\040\000D\000e\000s\000c\000r\000i\000p\000t\000i\000o\000n}{section.5.3}% 33
\BOOKMARK [2][-]{subsection.5.3.2}{\376\377\0005\000.\0003\000.\0002\000\040\000M\000e\000m\000b\000e\000r\000\040\000F\000u\000n\000c\000t\000i\000o\000n\000\040\000D\000o\000c\000u\000m\000e\000n\000t\000a\000t\000i\000o\000n}{section.5.3}% 34
\BOOKMARK [3][-]{subsubsection.5.3.2.1}{\376\377\0005\000.\0003\000.\0002\000.\0001\000\040\000t\000e\000s\000t\000A\000d\000d\000R\000e\000p\000a\000i\000r\000R\000e\000p\000o\000r\000t\000\050\000\051}{subsection.5.3.2}% 35
\BOOKMARK [3][-]{subsubsection.5.3.2.2}{\376\377\0005\000.\0003\000.\0002\000.\0002\000\040\000t\000e\000s\000t\000C\000r\000e\000a\000t\000e\000B\000a\000t\000t\000e\000r\000y\000W\000i\000t\000h\000N\000u\000l\000l\000B\000a\000s\000e\000C\000o\000s\000t\000\050\000\051}{subsection.5.3.2}% 36
\BOOKMARK [3][-]{subsubsection.5.3.2.3}{\376\377\0005\000.\0003\000.\0002\000.\0003\000\040\000t\000e\000s\000t\000C\000r\000e\000a\000t\000e\000B\000a\000t\000t\000e\000r\000y\000W\000i\000t\000h\000N\000u\000l\000l\000D\000e\000s\000c\000r\000i\000p\000t\000i\000o\000n\000\050\000\051}{subsection.5.3.2}% 37
\BOOKMARK [3][-]{subsubsection.5.3.2.4}{\376\377\0005\000.\0003\000.\0002\000.\0004\000\040\000t\000e\000s\000t\000C\000r\000e\000a\000t\000e\000B\000a\000t\000t\000e\000r\000y\000W\000i\000t\000h\000N\000u\000l\000l\000M\000o\000d\000e\000l\000\050\000\051}{subsection.5.3.2}% 38
\BOOKMARK [3][-]{subsubsection.5.3.2.5}{\376\377\0005\000.\0003\000.\0002\000.\0005\000\040\000t\000e\000s\000t\000C\000r\000e\000a\000t\000e\000V\000a\000l\000i\000d\000B\000a\000t\000t\000e\000r\000y\000\050\000\051}{subsection.5.3.2}% 39
\BOOKMARK [1][-]{section.5.4}{\376\377\0005\000.\0004\000\040\000c\000o\000m\000.\000b\000a\000t\000t\000e\000r\000y\000w\000o\000r\000k\000s\000h\000o\000p\000.\000B\000a\000t\000t\000e\000r\000y\000W\000o\000r\000k\000s\000h\000o\000p\000A\000p\000p\000l\000i\000c\000a\000t\000i\000o\000n\000\040\000C\000l\000a\000s\000s\000\040\000R\000e\000f\000e\000r\000e\000n\000c\000e}{chapter.5}% 40
\BOOKMARK [2][-]{subsection.5.4.1}{\376\377\0005\000.\0004\000.\0001\000\040\000D\000e\000t\000a\000i\000l\000e\000d\000\040\000D\000e\000s\000c\000r\000i\000p\000t\000i\000o\000n}{section.5.4}% 41
\BOOKMARK [2][-]{subsection.5.4.2}{\376\377\0005\000.\0004\000.\0002\000\040\000M\000e\000m\000b\000e\000r\000\040\000F\000u\000n\000c\000t\000i\000o\000n\000\040\000D\000o\000c\000u\000m\000e\000n\000t\000a\000t\000i\000o\000n}{section.5.4}% 42
\BOOKMARK [3][-]{subsubsection.5.4.2.1}{\376\377\0005\000.\0004\000.\0002\000.\0001\000\040\000m\000a\000i\000n\000\050\000\051}{subsection.5.4.2}% 43
\BOOKMARK [1][-]{section.5.5}{\376\377\0005\000.\0005\000\040\000c\000o\000m\000.\000b\000a\000t\000t\000e\000r\000y\000w\000o\000r\000k\000s\000h\000o\000p\000.\000m\000o\000d\000e\000l\000s\000.\000I\000t\000e\000m\000R\000e\000p\000a\000r\000a\000c\000i\000o\000n\000\040\000C\000l\000a\000s\000s\000\040\000R\000e\000f\000e\000r\000e\000n\000c\000e}{chapter.5}% 44
\BOOKMARK [2][-]{subsection.5.5.1}{\376\377\0005\000.\0005\000.\0001\000\040\000D\000e\000t\000a\000i\000l\000e\000d\000\040\000D\000e\000s\000c\000r\000i\000p\000t\000i\000o\000n}{section.5.5}% 45
\BOOKMARK [2][-]{subsection.5.5.2}{\376\377\0005\000.\0005\000.\0002\000\040\000C\000o\000n\000s\000t\000r\000u\000c\000t\000o\000r\000\040\000\046\000\040\000D\000e\000s\000t\000r\000u\000c\000t\000o\000r\000\040\000D\000o\000c\000u\000m\000e\000n\000t\000a\000t\000i\000o\000n}{section.5.5}% 46
\BOOKMARK [3][-]{subsubsection.5.5.2.1}{\376\377\0005\000.\0005\000.\0002\000.\0001\000\040\000I\000t\000e\000m\000R\000e\000p\000a\000r\000a\000c\000i\000o\000n\000\050\000\051\000\040\000[\0001\000/\0002\000]}{subsection.5.5.2}% 47
\BOOKMARK [3][-]{subsubsection.5.5.2.2}{\376\377\0005\000.\0005\000.\0002\000.\0002\000\040\000I\000t\000e\000m\000R\000e\000p\000a\000r\000a\000c\000i\000o\000n\000\050\000\051\000\040\000[\0002\000/\0002\000]}{subsection.5.5.2}% 48
\BOOKMARK [2][-]{subsection.5.5.3}{\376\377\0005\000.\0005\000.\0003\000\040\000M\000e\000m\000b\000e\000r\000\040\000F\000u\000n\000c\000t\000i\000o\000n\000\040\000D\000o\000c\000u\000m\000e\000n\000t\000a\000t\000i\000o\000n}{section.5.5}% 49
\BOOKMARK [3][-]{subsubsection.5.5.3.1}{\376\377\0005\000.\0005\000.\0003\000.\0001\000\040\000e\000q\000u\000a\000l\000s\000\050\000\051}{subsection.5.5.3}% 50
\BOOKMARK [3][-]{subsubsection.5.5.3.2}{\376\377\0005\000.\0005\000.\0003\000.\0002\000\040\000g\000e\000t\000D\000e\000s\000c\000r\000i\000p\000c\000i\000o\000n\000\050\000\051}{subsection.5.5.3}% 51
\BOOKMARK [3][-]{subsubsection.5.5.3.3}{\376\377\0005\000.\0005\000.\0003\000.\0003\000\040\000g\000e\000t\000I\000d\000\050\000\051}{subsection.5.5.3}% 52
\BOOKMARK [3][-]{subsubsection.5.5.3.4}{\376\377\0005\000.\0005\000.\0003\000.\0004\000\040\000g\000e\000t\000N\000o\000m\000b\000r\000e\000\050\000\051}{subsection.5.5.3}% 53
\BOOKMARK [3][-]{subsubsection.5.5.3.5}{\376\377\0005\000.\0005\000.\0003\000.\0005\000\040\000g\000e\000t\000P\000r\000e\000c\000i\000o\000\050\000\051}{subsection.5.5.3}% 54
\BOOKMARK [3][-]{subsubsection.5.5.3.6}{\376\377\0005\000.\0005\000.\0003\000.\0006\000\040\000g\000e\000t\000R\000e\000p\000o\000r\000t\000e\000\050\000\051}{subsection.5.5.3}% 55
\BOOKMARK [3][-]{subsubsection.5.5.3.7}{\376\377\0005\000.\0005\000.\0003\000.\0007\000\040\000h\000a\000s\000h\000C\000o\000d\000e\000\050\000\051}{subsection.5.5.3}% 56
\BOOKMARK [3][-]{subsubsection.5.5.3.8}{\376\377\0005\000.\0005\000.\0003\000.\0008\000\040\000s\000e\000t\000D\000e\000s\000c\000r\000i\000p\000c\000i\000o\000n\000\050\000\051}{subsection.5.5.3}% 57
\BOOKMARK [3][-]{subsubsection.5.5.3.9}{\376\377\0005\000.\0005\000.\0003\000.\0009\000\040\000s\000e\000t\000R\000e\000p\000o\000r\000t\000e\000\050\000\051}{subsection.5.5.3}% 58
\BOOKMARK [1][-]{section.5.6}{\376\377\0005\000.\0006\000\040\000c\000o\000m\000.\000b\000a\000t\000t\000e\000r\000y\000w\000o\000r\000k\000s\000h\000o\000p\000.\000r\000e\000p\000o\000s\000i\000t\000o\000r\000i\000e\000s\000.\000I\000t\000e\000m\000R\000e\000p\000a\000r\000a\000c\000i\000o\000n\000R\000e\000p\000o\000s\000i\000t\000o\000r\000y\000\040\000I\000n\000t\000e\000r\000f\000a\000c\000e\000\040\000R\000e\000f\000e\000r\000e\000n\000c\000e}{chapter.5}% 59
\BOOKMARK [1][-]{section.5.7}{\376\377\0005\000.\0007\000\040\000c\000o\000m\000.\000b\000a\000t\000t\000e\000r\000y\000w\000o\000r\000k\000s\000h\000o\000p\000.\000t\000e\000s\000t\000s\000.\000I\000t\000e\000m\000R\000e\000p\000a\000r\000a\000c\000i\000o\000n\000T\000e\000s\000t\000\040\000C\000l\000a\000s\000s\000\040\000R\000e\000f\000e\000r\000e\000n\000c\000e}{chapter.5}% 60
\BOOKMARK [2][-]{subsection.5.7.1}{\376\377\0005\000.\0007\000.\0001\000\040\000D\000e\000t\000a\000i\000l\000e\000d\000\040\000D\000e\000s\000c\000r\000i\000p\000t\000i\000o\000n}{section.5.7}% 61
\BOOKMARK [2][-]{subsection.5.7.2}{\376\377\0005\000.\0007\000.\0002\000\040\000M\000e\000m\000b\000e\000r\000\040\000F\000u\000n\000c\000t\000i\000o\000n\000\040\000D\000o\000c\000u\000m\000e\000n\000t\000a\000t\000i\000o\000n}{section.5.7}% 62
\BOOKMARK [3][-]{subsubsection.5.7.2.1}{\376\377\0005\000.\0007\000.\0002\000.\0001\000\040\000d\000e\000b\000e\000r\000i\000a\000A\000s\000o\000c\000i\000a\000r\000I\000t\000e\000m\000C\000o\000n\000R\000e\000p\000o\000r\000t\000e\000C\000o\000r\000r\000e\000c\000t\000a\000m\000e\000n\000t\000e\000\050\000\051}{subsection.5.7.2}% 63
\BOOKMARK [3][-]{subsubsection.5.7.2.2}{\376\377\0005\000.\0007\000.\0002\000.\0002\000\040\000d\000e\000b\000e\000r\000i\000a\000C\000r\000e\000a\000r\000I\000t\000e\000m\000C\000o\000n\000P\000r\000o\000p\000i\000e\000d\000a\000d\000e\000s\000B\000a\000s\000i\000c\000a\000s\000\050\000\051}{subsection.5.7.2}% 64
\BOOKMARK [1][-]{section.5.8}{\376\377\0005\000.\0008\000\040\000s\000t\000e\000p\000s\000.\000Q\000u\000a\000l\000i\000t\000y\000C\000o\000n\000t\000r\000o\000l\000S\000t\000e\000p\000s\000\040\000C\000l\000a\000s\000s\000\040\000R\000e\000f\000e\000r\000e\000n\000c\000e}{chapter.5}% 65
\BOOKMARK [2][-]{subsection.5.8.1}{\376\377\0005\000.\0008\000.\0001\000\040\000D\000e\000t\000a\000i\000l\000e\000d\000\040\000D\000e\000s\000c\000r\000i\000p\000t\000i\000o\000n}{section.5.8}% 66
\BOOKMARK [2][-]{subsection.5.8.2}{\376\377\0005\000.\0008\000.\0002\000\040\000M\000e\000m\000b\000e\000r\000\040\000F\000u\000n\000c\000t\000i\000o\000n\000\040\000D\000o\000c\000u\000m\000e\000n\000t\000a\000t\000i\000o\000n}{section.5.8}% 67
\BOOKMARK [3][-]{subsubsection.5.8.2.1}{\376\377\0005\000.\0008\000.\0002\000.\0001\000\040\000e\000l\000R\000e\000s\000u\000l\000t\000a\000d\000o\000D\000e\000C\000a\000l\000i\000d\000a\000d\000D\000e\000b\000e\000S\000e\000r\000\050\000\051}{subsection.5.8.2}% 68
\BOOKMARK [3][-]{subsubsection.5.8.2.2}{\376\377\0005\000.\0008\000.\0002\000.\0002\000\040\000r\000e\000a\000l\000i\000z\000o\000E\000l\000C\000o\000n\000t\000r\000o\000l\000D\000e\000C\000a\000l\000i\000d\000a\000d\000\050\000\051}{subsection.5.8.2}% 69
\BOOKMARK [3][-]{subsubsection.5.8.2.3}{\376\377\0005\000.\0008\000.\0002\000.\0003\000\040\000u\000n\000a\000B\000a\000t\000e\000r\000i\000a\000C\000o\000n\000P\000a\000r\000a\000m\000e\000t\000r\000o\000s\000\050\000\051}{subsection.5.8.2}% 70
\BOOKMARK [1][-]{section.5.9}{\376\377\0005\000.\0009\000\040\000c\000o\000m\000.\000b\000a\000t\000t\000e\000r\000y\000w\000o\000r\000k\000s\000h\000o\000p\000.\000m\000o\000d\000e\000l\000s\000.\000R\000e\000p\000a\000i\000r\000R\000e\000p\000o\000r\000t\000\040\000C\000l\000a\000s\000s\000\040\000R\000e\000f\000e\000r\000e\000n\000c\000e}{chapter.5}% 71
\BOOKMARK [2][-]{subsection.5.9.1}{\376\377\0005\000.\0009\000.\0001\000\040\000D\000e\000t\000a\000i\000l\000e\000d\000\040\000D\000e\000s\000c\000r\000i\000p\000t\000i\000o\000n}{section.5.9}% 72
\BOOKMARK [2][-]{subsection.5.9.2}{\376\377\0005\000.\0009\000.\0002\000\040\000C\000o\000n\000s\000t\000r\000u\000c\000t\000o\000r\000\040\000\046\000\040\000D\000e\000s\000t\000r\000u\000c\000t\000o\000r\000\040\000D\000o\000c\000u\000m\000e\000n\000t\000a\000t\000i\000o\000n}{section.5.9}% 73
\BOOKMARK [3][-]{subsubsection.5.9.2.1}{\376\377\0005\000.\0009\000.\0002\000.\0001\000\040\000R\000e\000p\000a\000i\000r\000R\000e\000p\000o\000r\000t\000\050\000\051\000\040\000[\0001\000/\0002\000]}{subsection.5.9.2}% 74
\BOOKMARK [3][-]{subsubsection.5.9.2.2}{\376\377\0005\000.\0009\000.\0002\000.\0002\000\040\000R\000e\000p\000a\000i\000r\000R\000e\000p\000o\000r\000t\000\050\000\051\000\040\000[\0002\000/\0002\000]}{subsection.5.9.2}% 75
\BOOKMARK [2][-]{subsection.5.9.3}{\376\377\0005\000.\0009\000.\0003\000\040\000M\000e\000m\000b\000e\000r\000\040\000F\000u\000n\000c\000t\000i\000o\000n\000\040\000D\000o\000c\000u\000m\000e\000n\000t\000a\000t\000i\000o\000n}{section.5.9}% 76
\BOOKMARK [3][-]{subsubsection.5.9.3.1}{\376\377\0005\000.\0009\000.\0003\000.\0001\000\040\000a\000d\000d\000I\000t\000e\000m\000\050\000\051}{subsection.5.9.3}% 77
\BOOKMARK [3][-]{subsubsection.5.9.3.2}{\376\377\0005\000.\0009\000.\0003\000.\0002\000\040\000g\000e\000n\000e\000r\000a\000t\000e\000J\000s\000o\000n\000S\000u\000m\000m\000a\000r\000y\000\050\000\051}{subsection.5.9.3}% 78
\BOOKMARK [3][-]{subsubsection.5.9.3.3}{\376\377\0005\000.\0009\000.\0003\000.\0003\000\040\000g\000e\000t\000B\000a\000t\000t\000e\000r\000y\000\050\000\051}{subsection.5.9.3}% 79
\BOOKMARK [3][-]{subsubsection.5.9.3.4}{\376\377\0005\000.\0009\000.\0003\000.\0004\000\040\000g\000e\000t\000C\000a\000n\000c\000e\000l\000l\000a\000t\000i\000o\000n\000R\000e\000a\000s\000o\000n\000\050\000\051}{subsection.5.9.3}% 80
\BOOKMARK [3][-]{subsubsection.5.9.3.5}{\376\377\0005\000.\0009\000.\0003\000.\0005\000\040\000g\000e\000t\000C\000u\000r\000r\000e\000n\000t\000S\000t\000e\000p\000\050\000\051}{subsection.5.9.3}% 81
\BOOKMARK [3][-]{subsubsection.5.9.3.6}{\376\377\0005\000.\0009\000.\0003\000.\0006\000\040\000g\000e\000t\000E\000s\000t\000a\000d\000o\000\050\000\051}{subsection.5.9.3}% 82
\BOOKMARK [3][-]{subsubsection.5.9.3.7}{\376\377\0005\000.\0009\000.\0003\000.\0007\000\040\000g\000e\000t\000E\000x\000t\000r\000a\000C\000o\000s\000t\000\050\000\051}{subsection.5.9.3}% 83
\BOOKMARK [3][-]{subsubsection.5.9.3.8}{\376\377\0005\000.\0009\000.\0003\000.\0008\000\040\000g\000e\000t\000E\000x\000t\000r\000a\000R\000e\000a\000s\000o\000n\000\050\000\051}{subsection.5.9.3}% 84
\BOOKMARK [3][-]{subsubsection.5.9.3.9}{\376\377\0005\000.\0009\000.\0003\000.\0009\000\040\000g\000e\000t\000I\000d\000\050\000\051}{subsection.5.9.3}% 85
\BOOKMARK [3][-]{subsubsection.5.9.3.10}{\376\377\0005\000.\0009\000.\0003\000.\0001\0000\000\040\000g\000e\000t\000I\000t\000e\000m\000s\000\050\000\051}{subsection.5.9.3}% 86
\BOOKMARK [3][-]{subsubsection.5.9.3.11}{\376\377\0005\000.\0009\000.\0003\000.\0001\0001\000\040\000g\000e\000t\000S\000t\000a\000t\000u\000s\000\050\000\051}{subsection.5.9.3}% 87
\BOOKMARK [3][-]{subsubsection.5.9.3.12}{\376\377\0005\000.\0009\000.\0003\000.\0001\0002\000\040\000g\000e\000t\000T\000o\000t\000a\000l\000\050\000\051}{subsection.5.9.3}% 88
\BOOKMARK [3][-]{subsubsection.5.9.3.13}{\376\377\0005\000.\0009\000.\0003\000.\0001\0003\000\040\000i\000s\000C\000u\000s\000t\000o\000m\000e\000r\000A\000p\000p\000r\000o\000v\000e\000d\000\050\000\051}{subsection.5.9.3}% 89
\BOOKMARK [3][-]{subsubsection.5.9.3.14}{\376\377\0005\000.\0009\000.\0003\000.\0001\0004\000\040\000i\000s\000Q\000u\000a\000l\000i\000t\000y\000O\000k\000\050\000\051}{subsection.5.9.3}% 90
\BOOKMARK [3][-]{subsubsection.5.9.3.15}{\376\377\0005\000.\0009\000.\0003\000.\0001\0005\000\040\000s\000e\000t\000C\000a\000n\000c\000e\000l\000l\000a\000t\000i\000o\000n\000R\000e\000a\000s\000o\000n\000\050\000\051}{subsection.5.9.3}% 91
\BOOKMARK [3][-]{subsubsection.5.9.3.16}{\376\377\0005\000.\0009\000.\0003\000.\0001\0006\000\040\000s\000e\000t\000C\000u\000r\000r\000e\000n\000t\000S\000t\000e\000p\000\050\000\051}{subsection.5.9.3}% 92
\BOOKMARK [3][-]{subsubsection.5.9.3.17}{\376\377\0005\000.\0009\000.\0003\000.\0001\0007\000\040\000s\000e\000t\000C\000u\000s\000t\000o\000m\000e\000r\000A\000p\000p\000r\000o\000v\000e\000d\000\050\000\051}{subsection.5.9.3}% 93
\BOOKMARK [3][-]{subsubsection.5.9.3.18}{\376\377\0005\000.\0009\000.\0003\000.\0001\0008\000\040\000s\000e\000t\000E\000s\000t\000a\000d\000o\000\050\000\051}{subsection.5.9.3}% 94
\BOOKMARK [3][-]{subsubsection.5.9.3.19}{\376\377\0005\000.\0009\000.\0003\000.\0001\0009\000\040\000s\000e\000t\000E\000x\000t\000r\000a\000C\000o\000s\000t\000\050\000\051}{subsection.5.9.3}% 95
\BOOKMARK [3][-]{subsubsection.5.9.3.20}{\376\377\0005\000.\0009\000.\0003\000.\0002\0000\000\040\000s\000e\000t\000E\000x\000t\000r\000a\000R\000e\000a\000s\000o\000n\000\050\000\051}{subsection.5.9.3}% 96
\BOOKMARK [3][-]{subsubsection.5.9.3.21}{\376\377\0005\000.\0009\000.\0003\000.\0002\0001\000\040\000s\000e\000t\000P\000a\000s\000o\000A\000c\000t\000u\000a\000l\000\050\000\051}{subsection.5.9.3}% 97
\BOOKMARK [3][-]{subsubsection.5.9.3.22}{\376\377\0005\000.\0009\000.\0003\000.\0002\0002\000\040\000s\000e\000t\000S\000t\000a\000t\000u\000s\000\050\000\051}{subsection.5.9.3}% 98
\BOOKMARK [3][-]{subsubsection.5.9.3.23}{\376\377\0005\000.\0009\000.\0003\000.\0002\0003\000\040\000s\000e\000t\000T\000o\000t\000a\000l\000\050\000\051}{subsection.5.9.3}% 99
\BOOKMARK [3][-]{subsubsection.5.9.3.24}{\376\377\0005\000.\0009\000.\0003\000.\0002\0004\000\040\000T\000o\000t\000a\000l\000C\000a\000l\000c\000u\000l\000a\000t\000o\000r\000\050\000\051}{subsection.5.9.3}% 100
\BOOKMARK [1][-]{section.5.10}{\376\377\0005\000.\0001\0000\000\040\000c\000o\000m\000.\000b\000a\000t\000t\000e\000r\000y\000w\000o\000r\000k\000s\000h\000o\000p\000.\000c\000o\000n\000t\000r\000o\000l\000l\000e\000r\000s\000.\000R\000e\000p\000o\000r\000t\000e\000C\000o\000n\000t\000r\000o\000l\000l\000e\000r\000\040\000C\000l\000a\000s\000s\000\040\000R\000e\000f\000e\000r\000e\000n\000c\000e}{chapter.5}% 101
\BOOKMARK [2][-]{subsection.5.10.1}{\376\377\0005\000.\0001\0000\000.\0001\000\040\000D\000e\000t\000a\000i\000l\000e\000d\000\040\000D\000e\000s\000c\000r\000i\000p\000t\000i\000o\000n}{section.5.10}% 102
\BOOKMARK [2][-]{subsection.5.10.2}{\376\377\0005\000.\0001\0000\000.\0002\000\040\000C\000o\000n\000s\000t\000r\000u\000c\000t\000o\000r\000\040\000\046\000\040\000D\000e\000s\000t\000r\000u\000c\000t\000o\000r\000\040\000D\000o\000c\000u\000m\000e\000n\000t\000a\000t\000i\000o\000n}{section.5.10}% 103
\BOOKMARK [3][-]{subsubsection.5.10.2.1}{\376\377\0005\000.\0001\0000\000.\0002\000.\0001\000\040\000R\000e\000p\000o\000r\000t\000e\000C\000o\000n\000t\000r\000o\000l\000l\000e\000r\000\050\000\051}{subsection.5.10.2}% 104
\BOOKMARK [2][-]{subsection.5.10.3}{\376\377\0005\000.\0001\0000\000.\0003\000\040\000M\000e\000m\000b\000e\000r\000\040\000F\000u\000n\000c\000t\000i\000o\000n\000\040\000D\000o\000c\000u\000m\000e\000n\000t\000a\000t\000i\000o\000n}{section.5.10}% 105
\BOOKMARK [3][-]{subsubsection.5.10.3.1}{\376\377\0005\000.\0001\0000\000.\0003\000.\0001\000\040\000a\000g\000r\000e\000g\000a\000r\000I\000t\000e\000m\000\050\000\051}{subsection.5.10.3}% 106
\BOOKMARK [3][-]{subsubsection.5.10.3.2}{\376\377\0005\000.\0001\0000\000.\0003\000.\0002\000\040\000c\000r\000e\000a\000r\000R\000e\000p\000o\000r\000t\000e\000\050\000\051}{subsection.5.10.3}% 107
\BOOKMARK [3][-]{subsubsection.5.10.3.3}{\376\377\0005\000.\0001\0000\000.\0003\000.\0003\000\040\000f\000i\000n\000a\000l\000i\000z\000a\000r\000R\000e\000p\000o\000r\000t\000e\000\050\000\051}{subsection.5.10.3}% 108
\BOOKMARK [1][-]{section.5.11}{\376\377\0005\000.\0001\0001\000\040\000c\000o\000m\000.\000b\000a\000t\000t\000e\000r\000y\000w\000o\000r\000k\000s\000h\000o\000p\000.\000r\000e\000p\000o\000s\000i\000t\000o\000r\000i\000e\000s\000.\000R\000e\000p\000o\000r\000t\000e\000R\000e\000p\000o\000s\000i\000t\000o\000r\000y\000\040\000I\000n\000t\000e\000r\000f\000a\000c\000e\000\040\000R\000e\000f\000e\000r\000e\000n\000c\000e}{chapter.5}% 109
\BOOKMARK [1][-]{section.5.12}{\376\377\0005\000.\0001\0002\000\040\000c\000o\000m\000.\000b\000a\000t\000t\000e\000r\000y\000w\000o\000r\000k\000s\000h\000o\000p\000.\000t\000e\000s\000t\000s\000.\000R\000e\000p\000o\000r\000t\000T\000e\000s\000t\000\040\000C\000l\000a\000s\000s\000\040\000R\000e\000f\000e\000r\000e\000n\000c\000e}{chapter.5}% 110
\BOOKMARK [2][-]{subsection.5.12.1}{\376\377\0005\000.\0001\0002\000.\0001\000\040\000D\000e\000t\000a\000i\000l\000e\000d\000\040\000D\000e\000s\000c\000r\000i\000p\000t\000i\000o\000n}{section.5.12}% 111
\BOOKMARK [1][-]{section.5.13}{\376\377\0005\000.\0001\0003\000\040\000r\000u\000n\000n\000e\000r\000s\000.\000R\000u\000n\000C\000u\000c\000u\000m\000b\000e\000r\000T\000e\000s\000t\000\040\000C\000l\000a\000s\000s\000\040\000R\000e\000f\000e\000r\000e\000n\000c\000e}{chapter.5}% 112
\BOOKMARK [2][-]{subsection.5.13.1}{\376\377\0005\000.\0001\0003\000.\0001\000\040\000D\000e\000t\000a\000i\000l\000e\000d\000\040\000D\000e\000s\000c\000r\000i\000p\000t\000i\000o\000n}{section.5.13}% 113
\BOOKMARK [1][-]{section.5.14}{\376\377\0005\000.\0001\0004\000\040\000c\000o\000m\000.\000b\000a\000t\000t\000e\000r\000y\000w\000o\000r\000k\000s\000h\000o\000p\000.\000m\000o\000d\000e\000l\000s\000.\000W\000o\000r\000k\000O\000r\000d\000e\000r\000.\000S\000t\000a\000t\000u\000s\000\040\000E\000n\000u\000m\000\040\000R\000e\000f\000e\000r\000e\000n\000c\000e}{chapter.5}% 114
\BOOKMARK [2][-]{subsection.5.14.1}{\376\377\0005\000.\0001\0004\000.\0001\000\040\000D\000e\000t\000a\000i\000l\000e\000d\000\040\000D\000e\000s\000c\000r\000i\000p\000t\000i\000o\000n}{section.5.14}% 115
\BOOKMARK [2][-]{subsection.5.14.2}{\376\377\0005\000.\0001\0004\000.\0002\000\040\000M\000e\000m\000b\000e\000r\000\040\000D\000a\000t\000a\000\040\000D\000o\000c\000u\000m\000e\000n\000t\000a\000t\000i\000o\000n}{section.5.14}% 116
\BOOKMARK [3][-]{subsubsection.5.14.2.1}{\376\377\0005\000.\0001\0004\000.\0002\000.\0001\000\040\000C\000O\000M\000P\000L\000E\000T\000E\000D}{subsection.5.14.2}% 117
\BOOKMARK [1][-]{section.5.15}{\376\377\0005\000.\0001\0005\000\040\000s\000t\000e\000p\000s\000.\000S\000t\000e\000p\000D\000e\000f\000i\000n\000i\000t\000i\000o\000n\000s\000\040\000C\000l\000a\000s\000s\000\040\000R\000e\000f\000e\000r\000e\000n\000c\000e}{chapter.5}% 118
\BOOKMARK [2][-]{subsection.5.15.1}{\376\377\0005\000.\0001\0005\000.\0001\000\040\000D\000e\000t\000a\000i\000l\000e\000d\000\040\000D\000e\000s\000c\000r\000i\000p\000t\000i\000o\000n}{section.5.15}% 119
\BOOKMARK [2][-]{subsection.5.15.2}{\376\377\0005\000.\0001\0005\000.\0002\000\040\000M\000e\000m\000b\000e\000r\000\040\000F\000u\000n\000c\000t\000i\000o\000n\000\040\000D\000o\000c\000u\000m\000e\000n\000t\000a\000t\000i\000o\000n}{section.5.15}% 120
\BOOKMARK [3][-]{subsubsection.5.15.2.1}{\376\377\0005\000.\0001\0005\000.\0002\000.\0001\000\040\000a\000g\000r\000e\000g\000o\000\137\000u\000n\000\137\000i\000t\000e\000m\000\137\000c\000o\000n\000\137\000p\000r\000e\000c\000i\000o\000\050\000\051}{subsection.5.15.2}% 121
\BOOKMARK [3][-]{subsubsection.5.15.2.2}{\376\377\0005\000.\0001\0005\000.\0002\000.\0002\000\040\000c\000r\000e\000o\000\137\000u\000n\000\137\000n\000u\000e\000v\000o\000\137\000i\000n\000f\000o\000r\000m\000e\000\137\000d\000e\000\137\000r\000e\000p\000a\000r\000a\000c\000i\000\363\000n\000\137\000c\000o\000n\000\137\000d\000e\000s\000c\000r\000i\000p\000c\000i\000\363\000n\000\050\000\051}{subsection.5.15.2}% 122
\BOOKMARK [3][-]{subsubsection.5.15.2.3}{\376\377\0005\000.\0001\0005\000.\0002\000.\0003\000\040\000e\000l\000\137\000c\000l\000i\000e\000n\000t\000e\000\137\000t\000i\000e\000n\000e\000\137\000u\000n\000a\000\137\000b\000a\000t\000e\000r\000\355\000a\000\137\000c\000o\000n\000\137\000n\000\372\000m\000e\000r\000o\000\137\000d\000e\000\137\000s\000e\000r\000i\000e\000\050\000\051}{subsection.5.15.2}% 123
\BOOKMARK [3][-]{subsubsection.5.15.2.4}{\376\377\0005\000.\0001\0005\000.\0002\000.\0004\000\040\000e\000l\000\137\000e\000s\000t\000a\000d\000o\000\137\000d\000e\000l\000\137\000i\000n\000f\000o\000r\000m\000e\000\137\000e\000s\000\050\000\051}{subsection.5.15.2}% 124
\BOOKMARK [3][-]{subsubsection.5.15.2.5}{\376\377\0005\000.\0001\0005\000.\0002\000.\0005\000\040\000e\000l\000\137\000i\000n\000f\000o\000r\000m\000e\000\137\000s\000e\000\137\000c\000r\000e\000a\000\137\000c\000o\000r\000r\000e\000c\000t\000a\000m\000e\000n\000t\000e\000\050\000\051}{subsection.5.15.2}% 125
\BOOKMARK [3][-]{subsubsection.5.15.2.6}{\376\377\0005\000.\0001\0005\000.\0002\000.\0006\000\040\000e\000l\000\137\000i\000n\000f\000o\000r\000m\000e\000\137\000t\000i\000e\000n\000e\000\137\000i\000t\000e\000m\000s\000\050\000\051}{subsection.5.15.2}% 126
\BOOKMARK [3][-]{subsubsection.5.15.2.7}{\376\377\0005\000.\0001\0005\000.\0002\000.\0007\000\040\000e\000l\000\137\000p\000r\000e\000c\000i\000o\000\137\000t\000o\000t\000a\000l\000\137\000d\000e\000l\000\137\000i\000n\000f\000o\000r\000m\000e\000\137\000e\000s\000\050\000\051}{subsection.5.15.2}% 127
\BOOKMARK [3][-]{subsubsection.5.15.2.8}{\376\377\0005\000.\0001\0005\000.\0002\000.\0008\000\040\000e\000x\000i\000s\000t\000e\000\137\000u\000n\000\137\000i\000n\000f\000o\000r\000m\000e\000\137\000d\000e\000\137\000r\000e\000p\000a\000r\000a\000c\000i\000\363\000n\000\137\000p\000a\000r\000a\000\137\000l\000a\000\137\000b\000a\000t\000e\000r\000\355\000a\000\050\000\051}{subsection.5.15.2}% 128
\BOOKMARK [1][-]{section.5.16}{\376\377\0005\000.\0001\0006\000\040\000c\000o\000m\000.\000b\000a\000t\000t\000e\000r\000y\000w\000o\000r\000k\000s\000h\000o\000p\000.\000m\000o\000d\000e\000l\000s\000.\000U\000s\000e\000r\000\040\000C\000l\000a\000s\000s\000\040\000R\000e\000f\000e\000r\000e\000n\000c\000e}{chapter.5}% 129
\BOOKMARK [2][-]{subsection.5.16.1}{\376\377\0005\000.\0001\0006\000.\0001\000\040\000D\000e\000t\000a\000i\000l\000e\000d\000\040\000D\000e\000s\000c\000r\000i\000p\000t\000i\000o\000n}{section.5.16}% 130
\BOOKMARK [2][-]{subsection.5.16.2}{\376\377\0005\000.\0001\0006\000.\0002\000\040\000C\000o\000n\000s\000t\000r\000u\000c\000t\000o\000r\000\040\000\046\000\040\000D\000e\000s\000t\000r\000u\000c\000t\000o\000r\000\040\000D\000o\000c\000u\000m\000e\000n\000t\000a\000t\000i\000o\000n}{section.5.16}% 131
\BOOKMARK [3][-]{subsubsection.5.16.2.1}{\376\377\0005\000.\0001\0006\000.\0002\000.\0001\000\040\000U\000s\000e\000r\000\050\000\051\000\040\000[\0001\000/\0002\000]}{subsection.5.16.2}% 132
\BOOKMARK [3][-]{subsubsection.5.16.2.2}{\376\377\0005\000.\0001\0006\000.\0002\000.\0002\000\040\000U\000s\000e\000r\000\050\000\051\000\040\000[\0002\000/\0002\000]}{subsection.5.16.2}% 133
\BOOKMARK [2][-]{subsection.5.16.3}{\376\377\0005\000.\0001\0006\000.\0003\000\040\000M\000e\000m\000b\000e\000r\000\040\000F\000u\000n\000c\000t\000i\000o\000n\000\040\000D\000o\000c\000u\000m\000e\000n\000t\000a\000t\000i\000o\000n}{section.5.16}% 134
\BOOKMARK [3][-]{subsubsection.5.16.3.1}{\376\377\0005\000.\0001\0006\000.\0003\000.\0001\000\040\000g\000e\000t\000N\000a\000m\000e\000\050\000\051}{subsection.5.16.3}% 135
\BOOKMARK [3][-]{subsubsection.5.16.3.2}{\376\377\0005\000.\0001\0006\000.\0003\000.\0002\000\040\000g\000e\000t\000P\000a\000s\000s\000w\000o\000r\000d\000\050\000\051}{subsection.5.16.3}% 136
\BOOKMARK [3][-]{subsubsection.5.16.3.3}{\376\377\0005\000.\0001\0006\000.\0003\000.\0003\000\040\000h\000a\000s\000P\000e\000r\000m\000i\000s\000s\000i\000o\000n\000\050\000\051}{subsection.5.16.3}% 137
\BOOKMARK [3][-]{subsubsection.5.16.3.4}{\376\377\0005\000.\0001\0006\000.\0003\000.\0004\000\040\000l\000o\000g\000i\000n\000\050\000\051}{subsection.5.16.3}% 138
\BOOKMARK [1][-]{section.5.17}{\376\377\0005\000.\0001\0007\000\040\000s\000t\000e\000p\000s\000.\000U\000s\000e\000r\000S\000t\000e\000p\000D\000e\000f\000i\000n\000i\000t\000i\000o\000n\000s\000\040\000C\000l\000a\000s\000s\000\040\000R\000e\000f\000e\000r\000e\000n\000c\000e}{chapter.5}% 139
\BOOKMARK [1][-]{section.5.18}{\376\377\0005\000.\0001\0008\000\040\000c\000o\000m\000.\000b\000a\000t\000t\000e\000r\000y\000w\000o\000r\000k\000s\000h\000o\000p\000.\000m\000o\000d\000e\000l\000s\000.\000W\000o\000r\000k\000O\000r\000d\000e\000r\000\040\000C\000l\000a\000s\000s\000\040\000R\000e\000f\000e\000r\000e\000n\000c\000e}{chapter.5}% 140
\BOOKMARK [2][-]{subsection.5.18.1}{\376\377\0005\000.\0001\0008\000.\0001\000\040\000D\000e\000t\000a\000i\000l\000e\000d\000\040\000D\000e\000s\000c\000r\000i\000p\000t\000i\000o\000n}{section.5.18}% 141
\BOOKMARK [2][-]{subsection.5.18.2}{\376\377\0005\000.\0001\0008\000.\0002\000\040\000M\000e\000m\000b\000e\000r\000\040\000F\000u\000n\000c\000t\000i\000o\000n\000\040\000D\000o\000c\000u\000m\000e\000n\000t\000a\000t\000i\000o\000n}{section.5.18}% 142
\BOOKMARK [3][-]{subsubsection.5.18.2.1}{\376\377\0005\000.\0001\0008\000.\0002\000.\0001\000\040\000a\000d\000d\000B\000a\000t\000t\000e\000r\000y\000\050\000\051}{subsection.5.18.2}% 143
\BOOKMARK [3][-]{subsubsection.5.18.2.2}{\376\377\0005\000.\0001\0008\000.\0002\000.\0002\000\040\000g\000e\000t\000B\000a\000t\000t\000e\000r\000i\000e\000s\000\050\000\051}{subsection.5.18.2}% 144
\BOOKMARK [3][-]{subsubsection.5.18.2.3}{\376\377\0005\000.\0001\0008\000.\0002\000.\0003\000\040\000g\000e\000t\000C\000l\000o\000s\000e\000D\000a\000t\000e\000\050\000\051}{subsection.5.18.2}% 145
\BOOKMARK [3][-]{subsubsection.5.18.2.4}{\376\377\0005\000.\0001\0008\000.\0002\000.\0004\000\040\000g\000e\000t\000C\000o\000m\000p\000l\000e\000t\000e\000d\000B\000a\000t\000t\000e\000r\000i\000e\000s\000\050\000\051}{subsection.5.18.2}% 146
\BOOKMARK [3][-]{subsubsection.5.18.2.5}{\376\377\0005\000.\0001\0008\000.\0002\000.\0005\000\040\000g\000e\000t\000D\000e\000s\000c\000r\000i\000p\000t\000i\000o\000n\000\050\000\051}{subsection.5.18.2}% 147
\BOOKMARK [3][-]{subsubsection.5.18.2.6}{\376\377\0005\000.\0001\0008\000.\0002\000.\0006\000\040\000g\000e\000t\000I\000n\000c\000o\000m\000p\000l\000e\000t\000e\000B\000a\000t\000t\000e\000r\000i\000e\000s\000\050\000\051}{subsection.5.18.2}% 148
\BOOKMARK [3][-]{subsubsection.5.18.2.7}{\376\377\0005\000.\0001\0008\000.\0002\000.\0007\000\040\000g\000e\000t\000O\000p\000e\000n\000D\000a\000t\000e\000\050\000\051}{subsection.5.18.2}% 149
\BOOKMARK [3][-]{subsubsection.5.18.2.8}{\376\377\0005\000.\0001\0008\000.\0002\000.\0008\000\040\000g\000e\000t\000S\000t\000a\000t\000u\000s\000\050\000\051}{subsection.5.18.2}% 150
\BOOKMARK [3][-]{subsubsection.5.18.2.9}{\376\377\0005\000.\0001\0008\000.\0002\000.\0009\000\040\000g\000e\000t\000U\000s\000e\000r\000I\000d\000\050\000\051}{subsection.5.18.2}% 151
\BOOKMARK [3][-]{subsubsection.5.18.2.10}{\376\377\0005\000.\0001\0008\000.\0002\000.\0001\0000\000\040\000g\000e\000t\000W\000o\000r\000k\000O\000r\000d\000e\000r\000I\000d\000\050\000\051}{subsection.5.18.2}% 152
\BOOKMARK [3][-]{subsubsection.5.18.2.11}{\376\377\0005\000.\0001\0008\000.\0002\000.\0001\0001\000\040\000m\000a\000r\000k\000B\000a\000t\000t\000e\000r\000y\000A\000s\000C\000o\000m\000p\000l\000e\000t\000e\000d\000\050\000\051}{subsection.5.18.2}% 153
\BOOKMARK [3][-]{subsubsection.5.18.2.12}{\376\377\0005\000.\0001\0008\000.\0002\000.\0001\0002\000\040\000r\000e\000m\000o\000v\000e\000B\000a\000t\000t\000e\000r\000y\000\050\000\051}{subsection.5.18.2}% 154
\BOOKMARK [3][-]{subsubsection.5.18.2.13}{\376\377\0005\000.\0001\0008\000.\0002\000.\0001\0003\000\040\000s\000e\000t\000C\000l\000o\000s\000e\000D\000a\000t\000e\000\050\000\051}{subsection.5.18.2}% 155
\BOOKMARK [3][-]{subsubsection.5.18.2.14}{\376\377\0005\000.\0001\0008\000.\0002\000.\0001\0004\000\040\000s\000e\000t\000D\000e\000s\000c\000r\000i\000p\000t\000i\000o\000n\000\050\000\051}{subsection.5.18.2}% 156
\BOOKMARK [3][-]{subsubsection.5.18.2.15}{\376\377\0005\000.\0001\0008\000.\0002\000.\0001\0005\000\040\000s\000e\000t\000O\000p\000e\000n\000D\000a\000t\000e\000\050\000\051}{subsection.5.18.2}% 157
\BOOKMARK [3][-]{subsubsection.5.18.2.16}{\376\377\0005\000.\0001\0008\000.\0002\000.\0001\0006\000\040\000s\000e\000t\000S\000t\000a\000t\000u\000s\000\050\000\051}{subsection.5.18.2}% 158
\BOOKMARK [3][-]{subsubsection.5.18.2.17}{\376\377\0005\000.\0001\0008\000.\0002\000.\0001\0007\000\040\000s\000e\000t\000U\000s\000e\000r\000I\000d\000\050\000\051}{subsection.5.18.2}% 159
\BOOKMARK [3][-]{subsubsection.5.18.2.18}{\376\377\0005\000.\0001\0008\000.\0002\000.\0001\0008\000\040\000s\000e\000t\000W\000o\000r\000k\000O\000r\000d\000e\000r\000I\000d\000\050\000\051}{subsection.5.18.2}% 160
